<?xml version="1.0" encoding="UTF-8"?>
<!-- Generated by org.testng.reporters.JUnitXMLReporter -->
<testsuite ignored="0" hostname="DESKTOP-2TAB682" failures="0" tests="3" name="Default test" time="0.091" errors="0" timestamp="2019-09-25T04:01:17 COT">
  <testcase classname="testMethods.mockitoConductorTest" name="guardar" time="0.029"/>
  <testcase classname="testMethods.mockitoConductorTest" name="guardarFecha" time="0.003"/>
  <testcase classname="testMethods.mockitoConductorTest" name="guardarNulo" time="0.003"/>
</testsuite> <!-- Default test -->
